{
  "RSpec": {
    "coverage": {
      "/app/app/layers/application/customer/customer_application.rb": {
        "lines": [
          1,
          1,
          1,
          1,
          18,
          18,
          null,
          null,
          1,
          1,
          null,
          null,
          1,
          0,
          null,
          null,
          1,
          2,
          null,
          null,
          1,
          2,
          null,
          2,
          2,
          null,
          1,
          null,
          null,
          1,
          null,
          1,
          null,
          null,
          1,
          2,
          null,
          1,
          1,
          null,
          null,
          1,
          null,
          1,
          null,
          null,
          1,
          2,
          null,
          2,
          2,
          null,
          1,
          null,
          null,
          1,
          null,
          1,
          null,
          null,
          1,
          0,
          0,
          null,
          0,
          0,
          0,
          null,
          null,
          0,
          null,
          null,
          null,
          null
        ]
      },
      "/app/app/layers/application/customer/vehicle_application.rb": {
        "lines": [
          1,
          1,
          1,
          1,
          18,
          null,
          null,
          1,
          1,
          null,
          null,
          1,
          0,
          null,
          null,
          1,
          2,
          null,
          null,
          1,
          2,
          null,
          2,
          2,
          null,
          1,
          null,
          null,
          1,
          null,
          1,
          null,
          null,
          1,
          2,
          null,
          1,
          1,
          null,
          null,
          1,
          null,
          1,
          null,
          null,
          1,
          2,
          null,
          2,
          2,
          null,
          1,
          null,
          null,
          1,
          null,
          1,
          null,
          null,
          null,
          null
        ]
      },
      "/app/app/layers/domain/customer/customer.rb": {
        "lines": [
          1,
          null,
          1,
          1,
          1,
          1,
          null,
          1,
          1,
          1,
          null,
          1,
          0,
          0,
          null,
          null,
          0,
          null,
          null,
          1,
          null,
          1,
          0,
          null,
          null,
          1,
          19,
          null,
          19,
          18,
          1,
          0,
          null,
          1,
          null,
          null,
          19,
          null,
          null,
          null,
          null
        ]
      },
      "/app/app/layers/infra/models/application_record.rb": {
        "lines": [
          1,
          1,
          1,
          1,
          null,
          null,
          null
        ]
      },
      "/app/app/layers/domain/customer/vehicle.rb": {
        "lines": [
          1,
          1,
          1,
          1,
          null,
          1,
          1,
          null,
          1,
          null,
          1,
          11,
          null,
          9,
          null,
          9,
          0,
          null,
          null,
          null,
          null,
          null
        ]
      },
      "/app/app/layers/infra/jobs/application_job.rb": {
        "lines": [
          1,
          1,
          1,
          null,
          null,
          null,
          null,
          null,
          null,
          null,
          null
        ]
      },
      "/app/app/layers/infra/query_objects/customers_query.rb": {
        "lines": [
          1,
          1,
          1,
          1,
          null,
          null,
          null,
          null
        ]
      },
      "/app/app/layers/infra/query_objects/vehicles_query.rb": {
        "lines": [
          1,
          1,
          1,
          1,
          null,
          null,
          null,
          null
        ]
      },
      "/app/app/layers/infra/repositories/customer_repository.rb": {
        "lines": [
          1,
          1,
          1,
          1,
          18,
          null,
          null,
          1,
          2,
          null,
          null,
          1,
          1,
          null,
          null,
          1,
          2,
          null,
          null,
          1,
          2,
          null,
          null,
          1,
          4,
          null,
          null,
          1,
          1,
          null,
          null,
          null,
          null
        ]
      },
      "/app/app/layers/infra/repositories/vehicle_repository.rb": {
        "lines": [
          1,
          1,
          1,
          1,
          36,
          null,
          null,
          1,
          2,
          null,
          null,
          1,
          1,
          null,
          null,
          1,
          2,
          null,
          null,
          1,
          2,
          null,
          null,
          1,
          4,
          null,
          null,
          1,
          1,
          null,
          null,
          null,
          null
        ]
      },
      "/app/app/layers/web/controllers/application_controller.rb": {
        "lines": [
          1,
          1,
          1,
          1,
          4,
          null,
          null,
          1,
          4,
          null,
          null,
          1,
          0,
          null,
          null,
          1,
          null,
          1,
          8,
          8,
          null,
          null,
          null,
          null
        ]
      },
      "/app/app/lib/exceptions/customer_exception.rb": {
        "lines": [
          1,
          1,
          null,
          null
        ]
      },
      "/app/app/layers/application/customer/commands/add_vehicle_command.rb": {
        "lines": [
          1,
          1,
          1,
          1,
          1,
          null,
          1,
          0,
          0,
          null,
          null,
          null,
          null,
          null
        ]
      },
      "/app/app/layers/application/customer/commands/create_customer_command.rb": {
        "lines": [
          1,
          1,
          1,
          1,
          1,
          null,
          1,
          2,
          null,
          null,
          null,
          null,
          null
        ]
      },
      "/app/app/layers/application/customer/commands/create_vehicle_command.rb": {
        "lines": [
          1,
          1,
          1,
          1,
          1,
          null,
          1,
          2,
          null,
          null,
          null,
          null,
          null
        ]
      },
      "/app/app/layers/application/customer/commands/delete_customer_command.rb": {
        "lines": [
          1,
          1,
          1,
          1,
          1,
          null,
          1,
          2,
          null,
          null,
          null,
          null,
          null
        ]
      },
      "/app/app/layers/application/customer/commands/delete_vehicle_command.rb": {
        "lines": [
          1,
          1,
          1,
          1,
          1,
          null,
          1,
          2,
          null,
          null,
          null,
          null,
          null
        ]
      },
      "/app/app/layers/application/customer/commands/update_customer_command.rb": {
        "lines": [
          1,
          1,
          1,
          1,
          1,
          null,
          1,
          2,
          null,
          null,
          null,
          null,
          null
        ]
      },
      "/app/app/layers/application/customer/commands/update_vehicle_command.rb": {
        "lines": [
          1,
          1,
          1,
          1,
          1,
          null,
          1,
          2,
          null,
          null,
          null,
          null,
          null
        ]
      },
      "/app/app/layers/serializers/domain/customer/customer_serializer.rb": {
        "lines": [
          1,
          1,
          1,
          null,
          7,
          null,
          null
        ]
      },
      "/app/app/layers/serializers/domain/customer/vehicle_serializer.rb": {
        "lines": [
          1,
          1,
          1,
          null,
          null
        ]
      },
      "/app/app/layers/web/controllers/api/customers_controller.rb": {
        "lines": [
          1,
          1,
          1,
          1,
          1,
          null,
          1,
          1,
          null,
          null,
          null,
          1,
          2,
          null,
          1,
          null,
          null,
          1,
          2,
          null,
          null,
          null,
          1,
          null,
          null,
          1,
          2,
          2,
          null,
          1,
          null,
          null,
          1,
          2,
          null,
          2,
          null,
          1,
          null,
          null,
          1,
          null,
          1,
          8,
          null,
          null,
          null,
          null,
          null
        ]
      },
      "/app/app/layers/web/controllers/api/vehicles_controller.rb": {
        "lines": [
          1,
          1,
          1,
          1,
          1,
          1,
          null,
          null,
          null,
          1,
          2,
          null,
          null,
          null,
          1,
          null,
          null,
          null,
          1,
          2,
          null,
          null,
          null,
          1,
          null,
          null,
          null,
          1,
          2,
          2,
          null,
          1,
          null,
          null,
          null,
          1,
          2,
          null,
          2,
          null,
          1,
          null,
          null,
          1,
          null,
          1,
          8,
          null,
          null,
          null,
          null,
          null
        ]
      },
      "/app/app/mailers/application_mailer.rb": {
        "lines": [
          1,
          1,
          1,
          null
        ]
      },
      "/app/app/mailers/service_order_mailer.rb": {
        "lines": [
          1,
          1,
          null,
          1,
          0,
          0,
          0,
          null,
          0,
          null,
          null,
          null,
          null,
          null
        ]
      }
    },
    "timestamp": 1771292540
  }
}
